<?xml version="1.0" encoding="UTF-8"?>
<!-- Generated by org.testng.reporters.JUnitXMLReporter -->
<testsuite ignored="0" hostname="LAPTOP-V4TB9CIR" failures="0" tests="15" name="Command line test" time="0.105" errors="0" timestamp="29 Oct 2020 20:24:22 GMT">
  <testcase classname="seleniumapi.AlertsTest" name="@BeforeClass setUp" time="0.062">
    <failure type="java.lang.IllegalStateException" message="The driver executable does not exist: C:\webdrivers\chromedriver.exe">
      <![CDATA[java.lang.IllegalStateException: The driver executable does not exist: C:\webdrivers\chromedriver.exe
at com.google.common.base.Preconditions.checkState(Preconditions.java:585)
at org.openqa.selenium.remote.service.DriverService.checkExecutable(DriverService.java:137)
at org.openqa.selenium.remote.service.DriverService.findExecutable(DriverService.java:132)
at org.openqa.selenium.chrome.ChromeDriverService.access$000(ChromeDriverService.java:35)
at org.openqa.selenium.chrome.ChromeDriverService$Builder.findDefaultExecutable(ChromeDriverService.java:156)
at org.openqa.selenium.remote.service.DriverService$Builder.build(DriverService.java:346)
at org.openqa.selenium.chrome.ChromeDriverService.createDefaultService(ChromeDriverService.java:91)
at org.openqa.selenium.chrome.ChromeDriver.<init>(ChromeDriver.java:123)
at seleniumapi.AlertsTest.setUp(AlertsTest.java:20)
... Removed 36 stack frames]]>
    </failure>
  </testcase> <!-- @BeforeClass setUp -->
  <testcase classname="seleniumapi.AlertsTest" name="@AfterClass tearDown" time="0.0">
    <skipped/>
  </testcase> <!-- @AfterClass tearDown -->
  <testcase classname="seleniumapi.DragDropTest" name="@BeforeMethod setUp" time="0.006">
    <failure type="java.lang.IllegalStateException" message="The driver executable does not exist: C:\webdrivers\chromedriver.exe">
      <![CDATA[java.lang.IllegalStateException: The driver executable does not exist: C:\webdrivers\chromedriver.exe
at com.google.common.base.Preconditions.checkState(Preconditions.java:585)
at org.openqa.selenium.remote.service.DriverService.checkExecutable(DriverService.java:137)
at org.openqa.selenium.remote.service.DriverService.findExecutable(DriverService.java:132)
at org.openqa.selenium.chrome.ChromeDriverService.access$000(ChromeDriverService.java:35)
at org.openqa.selenium.chrome.ChromeDriverService$Builder.findDefaultExecutable(ChromeDriverService.java:156)
at org.openqa.selenium.remote.service.DriverService$Builder.build(DriverService.java:346)
at org.openqa.selenium.chrome.ChromeDriverService.createDefaultService(ChromeDriverService.java:91)
at org.openqa.selenium.chrome.ChromeDriver.<init>(ChromeDriver.java:123)
at seleniumapi.DragDropTest.setUp(DragDropTest.java:21)
... Removed 38 stack frames]]>
    </failure>
  </testcase> <!-- @BeforeMethod setUp -->
  <testcase classname="seleniumapi.DragDropTest" name="@AfterMethod tearDown" time="0.0">
    <skipped/>
  </testcase> <!-- @AfterMethod tearDown -->
  <testcase classname="seleniumapi.FramesTest" name="@BeforeClass setUp" time="0.003">
    <failure type="java.lang.IllegalStateException" message="The driver executable does not exist: C:\webdrivers\chromedriver.exe">
      <![CDATA[java.lang.IllegalStateException: The driver executable does not exist: C:\webdrivers\chromedriver.exe
at com.google.common.base.Preconditions.checkState(Preconditions.java:585)
at org.openqa.selenium.remote.service.DriverService.checkExecutable(DriverService.java:137)
at org.openqa.selenium.remote.service.DriverService.findExecutable(DriverService.java:132)
at org.openqa.selenium.chrome.ChromeDriverService.access$000(ChromeDriverService.java:35)
at org.openqa.selenium.chrome.ChromeDriverService$Builder.findDefaultExecutable(ChromeDriverService.java:156)
at org.openqa.selenium.remote.service.DriverService$Builder.build(DriverService.java:346)
at org.openqa.selenium.chrome.ChromeDriverService.createDefaultService(ChromeDriverService.java:91)
at org.openqa.selenium.chrome.ChromeDriver.<init>(ChromeDriver.java:123)
at seleniumapi.FramesTest.setUp(FramesTest.java:25)
... Removed 36 stack frames]]>
    </failure>
  </testcase> <!-- @BeforeClass setUp -->
  <testcase classname="seleniumapi.FramesTest" name="@AfterClass tearDown" time="0.0">
    <skipped/>
  </testcase> <!-- @AfterClass tearDown -->
  <testcase classname="seleniumapi.SelectTest" name="@BeforeMethod setUp" time="0.005">
    <failure type="java.lang.IllegalStateException" message="The driver executable does not exist: C:\webdrivers\chromedriver.exe">
      <![CDATA[java.lang.IllegalStateException: The driver executable does not exist: C:\webdrivers\chromedriver.exe
at com.google.common.base.Preconditions.checkState(Preconditions.java:585)
at org.openqa.selenium.remote.service.DriverService.checkExecutable(DriverService.java:137)
at org.openqa.selenium.remote.service.DriverService.findExecutable(DriverService.java:132)
at org.openqa.selenium.chrome.ChromeDriverService.access$000(ChromeDriverService.java:35)
at org.openqa.selenium.chrome.ChromeDriverService$Builder.findDefaultExecutable(ChromeDriverService.java:156)
at org.openqa.selenium.remote.service.DriverService$Builder.build(DriverService.java:346)
at org.openqa.selenium.chrome.ChromeDriverService.createDefaultService(ChromeDriverService.java:91)
at org.openqa.selenium.chrome.ChromeDriver.<init>(ChromeDriver.java:123)
at seleniumapi.SelectTest.setUp(SelectTest.java:28)
... Removed 38 stack frames]]>
    </failure>
  </testcase> <!-- @BeforeMethod setUp -->
  <testcase classname="seleniumapi.SelectTest" name="@AfterMethod tearDown" time="0.0">
    <skipped/>
  </testcase> <!-- @AfterMethod tearDown -->
  <testcase classname="seleniumapi.SelectTest" name="@BeforeMethod setUp" time="0.0">
    <skipped/>
  </testcase> <!-- @BeforeMethod setUp -->
  <testcase classname="seleniumapi.SelectTest" name="@AfterMethod tearDown" time="0.0">
    <skipped/>
  </testcase> <!-- @AfterMethod tearDown -->
  <testcase classname="seleniumapi.SelectTest" name="@BeforeMethod setUp" time="0.0">
    <skipped/>
  </testcase> <!-- @BeforeMethod setUp -->
  <testcase classname="seleniumapi.SelectTest" name="@AfterMethod tearDown" time="0.0">
    <skipped/>
  </testcase> <!-- @AfterMethod tearDown -->
  <testcase classname="seleniumapi.WindowPopupTest" name="@BeforeClass setUp" time="0.004">
    <failure type="java.lang.IllegalStateException" message="The driver executable does not exist: C:\webdrivers\chromedriver.exe">
      <![CDATA[java.lang.IllegalStateException: The driver executable does not exist: C:\webdrivers\chromedriver.exe
at com.google.common.base.Preconditions.checkState(Preconditions.java:585)
at org.openqa.selenium.remote.service.DriverService.checkExecutable(DriverService.java:137)
at org.openqa.selenium.remote.service.DriverService.findExecutable(DriverService.java:132)
at org.openqa.selenium.chrome.ChromeDriverService.access$000(ChromeDriverService.java:35)
at org.openqa.selenium.chrome.ChromeDriverService$Builder.findDefaultExecutable(ChromeDriverService.java:156)
at org.openqa.selenium.remote.service.DriverService$Builder.build(DriverService.java:346)
at org.openqa.selenium.chrome.ChromeDriverService.createDefaultService(ChromeDriverService.java:91)
at org.openqa.selenium.chrome.ChromeDriver.<init>(ChromeDriver.java:123)
at seleniumapi.WindowPopupTest.setUp(WindowPopupTest.java:26)
... Removed 36 stack frames]]>
    </failure>
  </testcase> <!-- @BeforeClass setUp -->
  <testcase classname="seleniumapi.WindowPopupTest" name="@AfterClass tearDown" time="0.0">
    <skipped/>
  </testcase> <!-- @AfterClass tearDown -->
  <testcase classname="seleniumapi.AlertsTest" name="testConfirmAccept" time="0.0">
    <skipped/>
  </testcase> <!-- testConfirmAccept -->
  <testcase classname="seleniumapi.AlertsTest" name="testConfirmDismiss" time="0.0">
    <skipped/>
  </testcase> <!-- testConfirmDismiss -->
  <testcase classname="seleniumapi.AlertsTest" name="testPrompt" time="0.0">
    <skipped/>
  </testcase> <!-- testPrompt -->
  <testcase classname="seleniumapi.AlertsTest" name="testSimpleAlert" time="0.0">
    <skipped/>
  </testcase> <!-- testSimpleAlert -->
  <testcase classname="seleniumapi.DragDropTest" name="testDragDrop" time="0.0">
    <skipped/>
  </testcase> <!-- testDragDrop -->
  <testcase classname="seleniumapi.FramesTest" name="testFrameByContents" time="0.0">
    <skipped/>
  </testcase> <!-- testFrameByContents -->
  <testcase classname="seleniumapi.FramesTest" name="testFrameByIndex" time="0.0">
    <skipped/>
  </testcase> <!-- testFrameByIndex -->
  <testcase classname="seleniumapi.FramesTest" name="testFrameWithIdOrName" time="0.0">
    <skipped/>
  </testcase> <!-- testFrameWithIdOrName -->
  <testcase classname="seleniumapi.FramesTest" name="testIFrame" time="0.0">
    <skipped/>
  </testcase> <!-- testIFrame -->
  <testcase classname="seleniumapi.SelectTest" name="multipleSelectTest" time="0.0">
    <skipped/>
  </testcase> <!-- multipleSelectTest -->
  <testcase classname="seleniumapi.SelectTest" name="testDropdown" time="0.0">
    <skipped/>
  </testcase> <!-- testDropdown -->
  <testcase classname="seleniumapi.SelectTest" name="testMultipleSelectList" time="0.0">
    <skipped/>
  </testcase> <!-- testMultipleSelectList -->
  <testcase classname="seleniumapi.WindowPopupTest" name="testWindowPopup" time="0.0">
    <skipped/>
  </testcase> <!-- testWindowPopup -->
  <testcase classname="seleniumapi.WindowPopupTest" name="testWindowPopupUsingContents" time="0.0">
    <skipped/>
  </testcase> <!-- testWindowPopupUsingContents -->
  <testcase classname="seleniumapi.WindowPopupTest" name="testWindowPopupUsingTitle" time="0.0">
    <skipped/>
  </testcase> <!-- testWindowPopupUsingTitle -->
</testsuite> <!-- Command line test -->
